{
  "RSpec": {
    "coverage": {
      "/Users/apple/Desktop/Projects/bookmark-manager/app.rb": {
        "lines": [
          1,
          1,
          1,
          null,
          null,
          1,
          1,
          0,
          null,
          null,
          1,
          4,
          4,
          null,
          null,
          1,
          null,
          1,
          1,
          1,
          null,
          null,
          null,
          null,
          1,
          null
        ]
      },
      "/Users/apple/Desktop/Projects/bookmark-manager/lib/bookmark_manager.rb": {
        "lines": [
          1,
          1,
          1,
          null,
          1,
          10,
          10,
          10,
          null,
          null,
          1,
          10,
          10,
          null,
          0,
          null,
          10,
          20,
          null,
          null,
          1,
          null,
          9,
          null,
          null,
          null
        ]
      },
      "/Users/apple/Desktop/Projects/bookmark-manager/spec/bookmark_manager_spec.rb": {
        "lines": [
          1,
          null,
          1,
          1,
          1,
          null,
          1,
          null,
          1,
          1,
          1,
          null,
          1,
          1,
          1,
          1,
          null,
          null,
          null,
          1,
          1,
          1,
          1,
          null,
          1,
          1,
          null,
          null,
          null
        ]
      },
      "/Users/apple/Desktop/Projects/bookmark-manager/spec/bookmark_spec.rb": {
        "lines": [
          null,
          null,
          null,
          null,
          null,
          null,
          null
        ]
      },
      "/Users/apple/Desktop/Projects/bookmark-manager/spec/features/bookmark_spec.rb": {
        "lines": [
          1,
          1,
          1,
          1,
          null,
          null,
          1,
          null,
          null,
          null,
          1,
          1,
          1,
          1,
          1,
          null,
          1,
          1,
          1,
          1,
          null,
          null,
          null
        ]
      },
      "/Users/apple/Desktop/Projects/bookmark-manager/spec/features/save_bookmark_spec.rb": {
        "lines": [
          1,
          1,
          1,
          1,
          1,
          1,
          1,
          null,
          null
        ]
      }
    },
    "timestamp": 1619044249
  }
}
