{
  "RSpec": {
    "coverage": {
      "/Users/apple/Desktop/Projects/bookmark-manager/app.rb": {
        "lines": [
          1,
          1,
          1,
          null,
          null,
          1,
          1,
          0,
          null,
          1,
          17,
          1,
          null,
          10,
          null,
          null,
          1,
          null,
          null,
          3,
          3,
          null,
          null,
          1,
          null,
          1,
          1,
          null,
          null,
          1,
          1,
          1,
          null,
          null,
          1,
          1,
          1,
          null,
          null,
          null,
          null,
          1,
          null
        ]
      },
      "/Users/apple/Desktop/Projects/bookmark-manager/lib/bookmark_manager.rb": {
        "lines": [
          1,
          1,
          1,
          null,
          1,
          19,
          19,
          19,
          null,
          null,
          1,
          27,
          27,
          null,
          0,
          null,
          27,
          46,
          null,
          null,
          1,
          13,
          null,
          null,
          1,
          2,
          null,
          null,
          1,
          2,
          null,
          null,
          null
        ]
      },
      "/Users/apple/Desktop/Projects/bookmark-manager/spec/bookmark_manager_spec.rb": {
        "lines": [
          1,
          null,
          1,
          1,
          1,
          1,
          null,
          1,
          1,
          1,
          null,
          1,
          1,
          1,
          1,
          null,
          null,
          null,
          1,
          1,
          1,
          1,
          null,
          1,
          1,
          null,
          null,
          null,
          1,
          1,
          1,
          1,
          1,
          1,
          1,
          null,
          null,
          null,
          1,
          1,
          1,
          1,
          1,
          1,
          1,
          null,
          null,
          null
        ]
      },
      "/Users/apple/Desktop/Projects/bookmark-manager/spec/bookmark_spec.rb": {
        "lines": [
          null,
          null,
          null,
          null,
          null,
          null,
          null
        ]
      },
      "/Users/apple/Desktop/Projects/bookmark-manager/spec/features/bookmark_delete_spec.rb": {
        "lines": [
          1,
          1,
          1,
          1,
          1,
          1,
          null,
          1,
          1,
          1,
          null,
          null
        ]
      },
      "/Users/apple/Desktop/Projects/bookmark-manager/spec/features/bookmark_spec.rb": {
        "lines": [
          1,
          1,
          1,
          1,
          null,
          null,
          1,
          null,
          null,
          null,
          1,
          1,
          1,
          1,
          1,
          null,
          1,
          1,
          1,
          1,
          null,
          null,
          null
        ]
      },
      "/Users/apple/Desktop/Projects/bookmark-manager/spec/features/bookmark_update_spec.rb": {
        "lines": [
          1,
          1,
          1,
          1,
          1,
          1,
          null,
          1,
          1,
          1,
          1,
          null,
          1,
          1,
          1,
          null,
          null
        ]
      },
      "/Users/apple/Desktop/Projects/bookmark-manager/spec/features/save_bookmark_spec.rb": {
        "lines": [
          1,
          1,
          1,
          1,
          1,
          1,
          1,
          null,
          null
        ]
      }
    },
    "timestamp": 1619115990
  }
}
